# JRE version: Java(TM) SE Runtime Environment (8.0_152-b16) (build 1.8.0_152-b16)
# Java VM: Java HotSpot(TM) 64-Bit Server VM (25.152-b16 mixed mode linux-amd64 compressed oops)
Heap:
 PSYoungGen      total 70656K, used 39248K [0x00000000d6700000, 0x00000000db100000, 0x0000000100000000)
  eden space 65536K, 52% used [0x00000000d6700000,0x00000000d8854d88,0x00000000da700000)
  from space 5120K, 99% used [0x00000000dac00000,0x00000000db0ff358,0x00000000db100000)
  to   space 5120K, 0% used [0x00000000da700000,0x00000000da700000,0x00000000dac00000)
 ParOldGen       total 86016K, used 14356K [0x0000000083400000, 0x0000000088800000, 0x00000000d6700000)
  object space 86016K, 16% used [0x0000000083400000,0x00000000842050a8,0x0000000088800000)
 Metaspace       used 7151K, capacity 7381K, committed 7552K, reserved 1056768K
  class space    used 729K, capacity 818K, committed 896K, reserved 1048576K
GC Heap History (4 events):
Event: 1,061 GC heap before
{Heap before GC invocations=1 (full 0):
 PSYoungGen      total 37888K, used 32768K [0x00000000d6700000, 0x00000000d9100000, 0x0000000100000000)
  eden space 32768K, 100% used [0x00000000d6700000,0x00000000d8700000,0x00000000d8700000)
  from space 5120K, 0% used [0x00000000d8c00000,0x00000000d8c00000,0x00000000d9100000)
  to   space 5120K, 0% used [0x00000000d8700000,0x00000000d8700000,0x00000000d8c00000)
 ParOldGen       total 86016K, used 0K [0x0000000083400000, 0x0000000088800000, 0x00000000d6700000)
  object space 86016K, 0% used [0x0000000083400000,0x0000000083400000,0x0000000088800000)
 Metaspace       used 7111K, capacity 7381K, committed 7552K, reserved 1056768K
  class space    used 728K, capacity 818K, committed 896K, reserved 1048576K
Event: 1,086 GC heap after
Heap after GC invocations=1 (full 0):
 PSYoungGen      total 37888K, used 5115K [0x00000000d6700000, 0x00000000db100000, 0x0000000100000000)
  eden space 32768K, 0% used [0x00000000d6700000,0x00000000d6700000,0x00000000d8700000)
  from space 5120K, 99% used [0x00000000d8700000,0x00000000d8bfee38,0x00000000d8c00000)
  to   space 5120K, 0% used [0x00000000dac00000,0x00000000dac00000,0x00000000db100000)
 ParOldGen       total 86016K, used 4412K [0x0000000083400000, 0x0000000088800000, 0x00000000d6700000)
  object space 86016K, 5% used [0x0000000083400000,0x000000008384f0a8,0x0000000088800000)
 Metaspace       used 7111K, capacity 7381K, committed 7552K, reserved 1056768K
  class space    used 728K, capacity 818K, committed 896K, reserved 1048576K
}
Event: 1,142 GC heap before
{Heap before GC invocations=2 (full 0):
 PSYoungGen      total 37888K, used 37883K [0x00000000d6700000, 0x00000000db100000, 0x0000000100000000)
  eden space 32768K, 100% used [0x00000000d6700000,0x00000000d8700000,0x00000000d8700000)
  from space 5120K, 99% used [0x00000000d8700000,0x00000000d8bfee38,0x00000000d8c00000)
  to   space 5120K, 0% used [0x00000000dac00000,0x00000000dac00000,0x00000000db100000)
 ParOldGen       total 86016K, used 4412K [0x0000000083400000, 0x0000000088800000, 0x00000000d6700000)
  object space 86016K, 5% used [0x0000000083400000,0x000000008384f0a8,0x0000000088800000)
 Metaspace       used 7130K, capacity 7381K, committed 7552K, reserved 1056768K
  class space    used 729K, capacity 818K, committed 896K, reserved 1048576K
Event: 1,178 GC heap after
Heap after GC invocations=2 (full 0):
 PSYoungGen      total 70656K, used 5116K [0x00000000d6700000, 0x00000000db100000, 0x0000000100000000)
  eden space 65536K, 0% used [0x00000000d6700000,0x00000000d6700000,0x00000000da700000)
  from space 5120K, 99% used [0x00000000dac00000,0x00000000db0ff358,0x00000000db100000)
  to   space 5120K, 0% used [0x00000000da700000,0x00000000da700000,0x00000000dac00000)
 ParOldGen       total 86016K, used 14356K [0x0000000083400000, 0x0000000088800000, 0x00000000d6700000)
  object space 86016K, 16% used [0x0000000083400000,0x00000000842050a8,0x0000000088800000)
 Metaspace       used 7130K, capacity 7381K, committed 7552K, reserved 1056768K
  class space    used 729K, capacity 818K, committed 896K, reserved 1048576K
}

